

================================================================
== Synthesis Summary Report of 'matmul_stream_2'
================================================================
+ General Information: 
    * Date:           Fri May  1 21:45:27 2026
    * Version:        2021.1 (Build 3247384 on Thu Jun 10 19:36:33 MDT 2021)
    * Project:        matmul
    * Solution:       solution5arraypartition (Vivado IP Flow Target)
    * Product family: zynq
    * Target device:  xc7z020-clg400-1
    

+ Performance & Resource Estimates: 
    
    PS: '+' for module; 'o' for loop; '*' for dataflow
    +------------------------------------------------------------------------+------+------+---------+-----------+----------+---------+------+----------+----------+----------+-----------+------------+-----+
    |                                 Modules                                | Issue|      | Latency |  Latency  | Iteration|         | Trip |          |          |          |           |            |     |
    |                                 & Loops                                | Type | Slack| (cycles)|    (ns)   |  Latency | Interval| Count| Pipelined|   BRAM   |    DSP   |     FF    |     LUT    | URAM|
    +------------------------------------------------------------------------+------+------+---------+-----------+----------+---------+------+----------+----------+----------+-----------+------------+-----+
    |+ matmul_stream_2                                                       |     -|  0.39|        -|          -|         -|        -|     -|        no|  65 (23%)|  24 (10%)|  4959 (4%)|  6342 (11%)|    -|
    | + grp_matmul_stream_2_Pipeline_VITIS_LOOP_50_1_VITIS_LOOP_51_2_fu_323  |     -|  1.36|     4098|  4.098e+04|         -|     4098|     -|        no|         -|         -|   74 (~0%)|   180 (~0%)|    -|
    |  o VITIS_LOOP_50_1_VITIS_LOOP_51_2                                     |     -|  7.30|     4096|  4.096e+04|         2|        1|  4096|       yes|         -|         -|          -|           -|    -|
    | + grp_matmul_stream_2_Pipeline_data_in_fu_399                          |     -|  3.84|       66|    660.000|         -|       66|     -|        no|         -|         -|    9 (~0%)|    65 (~0%)|    -|
    |  o data_in                                                             |     -|  7.30|       64|    640.000|         1|        1|    64|       yes|         -|         -|          -|           -|    -|
    | + grp_matmul_stream_2_Pipeline_ith_element_fu_539                      |     -|  0.39|       38|    380.000|         -|       38|     -|        no|         -|  24 (10%)|  2548 (2%)|   4170 (7%)|    -|
    |  o ith_element                                                         |    II|  7.30|       36|    360.000|         9|        4|     8|       yes|         -|         -|          -|           -|    -|
    | + grp_matmul_stream_2_Pipeline_data_out_fu_675                         |     -|  3.84|       66|    660.000|         -|       66|     -|        no|         -|         -|   11 (~0%)|    86 (~0%)|    -|
    |  o data_out                                                            |     -|  7.30|       64|    640.000|         2|        1|    64|       yes|         -|         -|          -|           -|    -|
    | o input_iter                                                           |     -|  7.30|        -|          -|      2761|        -|     -|        no|         -|         -|          -|           -|    -|
    |  o matrix_mul                                                          |     -|  7.30|     2624|  2.624e+04|        41|        -|    64|        no|         -|         -|          -|           -|    -|
    +------------------------------------------------------------------------+------+------+---------+-----------+----------+---------+------+----------+----------+----------+-----------+------------+-----+


================================================================
== HW Interfaces
================================================================
* S_AXILITE
+---------------+------------+---------------+--------+----------+
| Interface     | Data Width | Address Width | Offset | Register |
+---------------+------------+---------------+--------+----------+
| s_axi_control | 32         | 5             | 16     | 0        |
+---------------+------------+---------------+--------+----------+

* AXIS
+------------+---------------+-------+-------+-------+--------+-------+--------+
| Interface  | Register Mode | TDATA | TKEEP | TLAST | TREADY | TSTRB | TVALID |
+------------+---------------+-------+-------+-------+--------+-------+--------+
| in_stream  | both          | 32    | 4     | 1     | 1      | 4     | 1      |
| out_stream | both          | 32    | 4     | 1     | 1      | 4     | 1      |
+------------+---------------+-------+-------+-------+--------+-------+--------+

* TOP LEVEL CONTROL
+-----------+------------+-----------+
| Interface | Type       | Ports     |
+-----------+------------+-----------+
| ap_clk    | clock      | ap_clk    |
| ap_rst_n  | reset      | ap_rst_n  |
| interrupt | interrupt  | interrupt |
| ap_ctrl   | ap_ctrl_hs |           |
+-----------+------------+-----------+


================================================================
== SW I/O Information
================================================================
* Top Function Arguments
+------------+-----------+--------------------------------------------+
| Argument   | Direction | Datatype                                   |
+------------+-----------+--------------------------------------------+
| in_stream  | in        | stream<hls::axis<ap_int<32>, 0, 0, 0>, 0>& |
| out_stream | out       | stream<hls::axis<ap_int<32>, 0, 0, 0>, 0>& |
| N          | in        | int                                        |
+------------+-----------+--------------------------------------------+

* SW-to-HW Mapping
+------------+-----------------+-----------+-----------------------+
| Argument   | HW Name         | HW Type   | HW Info               |
+------------+-----------------+-----------+-----------------------+
| in_stream  | in_stream       | interface |                       |
| out_stream | out_stream      | interface |                       |
| N          | s_axi_control N | register  | offset=0x10, range=32 |
+------------+-----------------+-----------+-----------------------+


================================================================
== M_AXI Burst Information
================================================================

